[09-Aug-2023 02:34:50] NOTICE: fpm is running, pid 15
[09-Aug-2023 02:34:50] NOTICE: ready to handle connections
[09-Aug-2023 02:38:56] NOTICE: fpm is running, pid 15
[09-Aug-2023 02:38:56] NOTICE: ready to handle connections
[09-Aug-2023 02:40:30] NOTICE: fpm is running, pid 15
[09-Aug-2023 02:40:30] NOTICE: ready to handle connections
[09-Aug-2023 02:47:39] NOTICE: fpm is running, pid 15
[09-Aug-2023 02:47:39] NOTICE: ready to handle connections
[09-Aug-2023 03:01:35] NOTICE: fpm is running, pid 15
[09-Aug-2023 03:01:35] NOTICE: ready to handle connections
[09-Aug-2023 03:13:51] NOTICE: fpm is running, pid 15
[09-Aug-2023 03:13:51] NOTICE: ready to handle connections
[09-Aug-2023 03:18:03] WARNING: [pool www] server reached pm.max_children setting (5), consider raising it
[09-Aug-2023 03:34:51] NOTICE: fpm is running, pid 15
[09-Aug-2023 03:34:51] NOTICE: ready to handle connections
[09-Aug-2023 04:06:02] NOTICE: fpm is running, pid 15
[09-Aug-2023 04:06:02] NOTICE: ready to handle connections
[09-Aug-2023 04:06:37] NOTICE: fpm is running, pid 15
[09-Aug-2023 04:06:37] NOTICE: ready to handle connections
[09-Aug-2023 09:36:26] WARNING: [pool www] server reached pm.max_children setting (5), consider raising it
[09-Aug-2023 10:54:59] NOTICE: fpm is running, pid 15
[09-Aug-2023 10:54:59] NOTICE: ready to handle connections
[09-Aug-2023 15:36:38] NOTICE: fpm is running, pid 15
[09-Aug-2023 15:36:38] NOTICE: ready to handle connections
[09-Aug-2023 15:36:41] NOTICE: fpm is running, pid 15
[09-Aug-2023 15:36:41] NOTICE: ready to handle connections
[09-Aug-2023 15:36:53] NOTICE: fpm is running, pid 15
[09-Aug-2023 15:36:53] NOTICE: ready to handle connections
[09-Aug-2023 15:37:54] NOTICE: fpm is running, pid 15
[09-Aug-2023 15:37:54] NOTICE: ready to handle connections
[09-Aug-2023 15:37:57] NOTICE: fpm is running, pid 15
[09-Aug-2023 15:37:57] NOTICE: ready to handle connections
[09-Aug-2023 15:40:35] NOTICE: fpm is running, pid 15
[09-Aug-2023 15:40:35] NOTICE: ready to handle connections
[09-Aug-2023 17:07:17] WARNING: [pool www] server reached pm.max_children setting (5), consider raising it
[10-Aug-2023 02:12:35] WARNING: [pool www] server reached pm.max_children setting (5), consider raising it
[10-Aug-2023 15:10:40] NOTICE: fpm is running, pid 15
[10-Aug-2023 15:10:40] NOTICE: ready to handle connections
[10-Aug-2023 15:10:44] NOTICE: fpm is running, pid 15
[10-Aug-2023 15:10:44] NOTICE: ready to handle connections
[10-Aug-2023 15:11:35] NOTICE: fpm is running, pid 14
[10-Aug-2023 15:11:35] NOTICE: ready to handle connections
[10-Aug-2023 15:13:56] NOTICE: fpm is running, pid 15
[10-Aug-2023 15:13:56] NOTICE: ready to handle connections
[10-Aug-2023 15:14:00] NOTICE: fpm is running, pid 15
[10-Aug-2023 15:14:00] NOTICE: ready to handle connections
[10-Aug-2023 15:14:15] NOTICE: fpm is running, pid 15
[10-Aug-2023 15:14:15] NOTICE: ready to handle connections
[10-Aug-2023 15:14:54] NOTICE: fpm is running, pid 15
[10-Aug-2023 15:14:54] NOTICE: ready to handle connections
[10-Aug-2023 15:15:33] NOTICE: fpm is running, pid 15
[10-Aug-2023 15:15:33] NOTICE: ready to handle connections
[10-Aug-2023 15:16:11] NOTICE: fpm is running, pid 15
[10-Aug-2023 15:16:11] NOTICE: ready to handle connections
[10-Aug-2023 15:16:58] NOTICE: fpm is running, pid 15
[10-Aug-2023 15:16:58] NOTICE: ready to handle connections
[10-Aug-2023 15:17:16] NOTICE: fpm is running, pid 15
[10-Aug-2023 15:17:16] NOTICE: ready to handle connections
[10-Aug-2023 15:19:36] NOTICE: fpm is running, pid 15
[10-Aug-2023 15:19:36] NOTICE: ready to handle connections
[10-Aug-2023 15:20:59] NOTICE: fpm is running, pid 14
[10-Aug-2023 15:20:59] NOTICE: ready to handle connections
[10-Aug-2023 15:23:02] NOTICE: fpm is running, pid 14
[10-Aug-2023 15:23:02] NOTICE: ready to handle connections
[10-Aug-2023 15:25:20] NOTICE: fpm is running, pid 15
[10-Aug-2023 15:25:20] NOTICE: ready to handle connections
[10-Aug-2023 15:26:51] NOTICE: fpm is running, pid 15
[10-Aug-2023 15:26:51] NOTICE: ready to handle connections
[10-Aug-2023 15:27:19] NOTICE: fpm is running, pid 15
[10-Aug-2023 15:27:19] NOTICE: ready to handle connections
[10-Aug-2023 15:27:50] NOTICE: fpm is running, pid 15
[10-Aug-2023 15:27:50] NOTICE: ready to handle connections
[10-Aug-2023 15:28:13] NOTICE: fpm is running, pid 15
[10-Aug-2023 15:28:13] NOTICE: ready to handle connections
[10-Aug-2023 15:28:47] NOTICE: fpm is running, pid 15
[10-Aug-2023 15:28:47] NOTICE: ready to handle connections
[10-Aug-2023 15:28:51] NOTICE: fpm is running, pid 15
[10-Aug-2023 15:28:51] NOTICE: ready to handle connections
[10-Aug-2023 15:29:15] NOTICE: fpm is running, pid 15
[10-Aug-2023 15:29:15] NOTICE: ready to handle connections
[10-Aug-2023 15:30:50] NOTICE: fpm is running, pid 15
[10-Aug-2023 15:30:50] NOTICE: ready to handle connections
[10-Aug-2023 15:30:53] NOTICE: fpm is running, pid 15
[10-Aug-2023 15:30:53] NOTICE: ready to handle connections
[10-Aug-2023 15:31:43] NOTICE: fpm is running, pid 15
[10-Aug-2023 15:31:43] NOTICE: ready to handle connections
[10-Aug-2023 15:33:15] NOTICE: fpm is running, pid 15
[10-Aug-2023 15:33:15] NOTICE: ready to handle connections
[10-Aug-2023 15:36:03] NOTICE: fpm is running, pid 15
[10-Aug-2023 15:36:03] NOTICE: ready to handle connections
[10-Aug-2023 15:37:22] NOTICE: fpm is running, pid 15
[10-Aug-2023 15:37:22] NOTICE: ready to handle connections
[10-Aug-2023 15:40:21] NOTICE: fpm is running, pid 15
[10-Aug-2023 15:40:21] NOTICE: ready to handle connections
[10-Aug-2023 15:41:21] NOTICE: fpm is running, pid 15
[10-Aug-2023 15:41:21] NOTICE: ready to handle connections
[10-Aug-2023 15:42:28] NOTICE: fpm is running, pid 15
[10-Aug-2023 15:42:28] NOTICE: ready to handle connections
[10-Aug-2023 15:43:28] NOTICE: fpm is running, pid 14
[10-Aug-2023 15:43:28] NOTICE: ready to handle connections
[10-Aug-2023 15:43:32] NOTICE: fpm is running, pid 15
[10-Aug-2023 15:43:32] NOTICE: ready to handle connections
[10-Aug-2023 15:43:51] NOTICE: fpm is running, pid 15
[10-Aug-2023 15:43:51] NOTICE: ready to handle connections
[10-Aug-2023 15:45:12] NOTICE: fpm is running, pid 15
[10-Aug-2023 15:45:12] NOTICE: ready to handle connections
[10-Aug-2023 15:49:26] NOTICE: fpm is running, pid 15
[10-Aug-2023 15:49:26] NOTICE: ready to handle connections
[10-Aug-2023 15:50:05] NOTICE: fpm is running, pid 15
[10-Aug-2023 15:50:05] NOTICE: ready to handle connections
[10-Aug-2023 15:51:45] NOTICE: fpm is running, pid 15
[10-Aug-2023 15:51:45] NOTICE: ready to handle connections
[10-Aug-2023 15:52:24] NOTICE: fpm is running, pid 15
[10-Aug-2023 15:52:24] NOTICE: ready to handle connections
[10-Aug-2023 15:53:23] NOTICE: fpm is running, pid 15
[10-Aug-2023 15:53:23] NOTICE: ready to handle connections
[14-Aug-2023 04:55:32] WARNING: [pool www] server reached pm.max_children setting (5), consider raising it
[23-Aug-2023 19:11:41] WARNING: [pool www] server reached pm.max_children setting (5), consider raising it
[24-Aug-2023 19:37:17] NOTICE: fpm is running, pid 15
[24-Aug-2023 19:37:17] NOTICE: ready to handle connections
[30-Aug-2023 15:28:13] WARNING: [pool www] server reached pm.max_children setting (5), consider raising it
[30-Aug-2023 15:28:16] WARNING: [pool www] server reached pm.max_children setting (5), consider raising it
[02-Sep-2023 15:15:13] WARNING: [pool www] server reached pm.max_children setting (5), consider raising it
[02-Sep-2023 17:25:16] WARNING: [pool www] server reached pm.max_children setting (5), consider raising it
[03-Sep-2023 19:52:10] NOTICE: fpm is running, pid 15
[03-Sep-2023 19:52:10] NOTICE: ready to handle connections
[18-Dec-2025 20:59:41] NOTICE: fpm is running, pid 15
[18-Dec-2025 20:59:41] NOTICE: ready to handle connections
[18-Dec-2025 21:18:02] NOTICE: fpm is running, pid 15
[18-Dec-2025 21:18:02] NOTICE: ready to handle connections
[18-Dec-2025 21:20:28] NOTICE: fpm is running, pid 15
[18-Dec-2025 21:20:28] NOTICE: ready to handle connections
[18-Dec-2025 21:27:17] NOTICE: fpm is running, pid 15
[18-Dec-2025 21:27:17] NOTICE: ready to handle connections
[18-Dec-2025 21:28:29] NOTICE: fpm is running, pid 15
[18-Dec-2025 21:28:29] NOTICE: ready to handle connections
[18-Dec-2025 21:29:58] NOTICE: fpm is running, pid 15
[18-Dec-2025 21:29:58] NOTICE: ready to handle connections
[18-Dec-2025 21:32:49] NOTICE: fpm is running, pid 15
[18-Dec-2025 21:32:49] NOTICE: ready to handle connections
[18-Dec-2025 21:38:06] NOTICE: fpm is running, pid 15
[18-Dec-2025 21:38:06] NOTICE: ready to handle connections
[18-Dec-2025 21:38:24] NOTICE: fpm is running, pid 15
[18-Dec-2025 21:38:24] NOTICE: ready to handle connections
[18-Dec-2025 21:38:53] NOTICE: fpm is running, pid 15
[18-Dec-2025 21:38:53] NOTICE: ready to handle connections
[18-Dec-2025 21:45:35] NOTICE: fpm is running, pid 15
[18-Dec-2025 21:45:35] NOTICE: ready to handle connections
[18-Dec-2025 21:46:59] NOTICE: fpm is running, pid 15
[18-Dec-2025 21:46:59] NOTICE: ready to handle connections
[18-Dec-2025 21:50:35] NOTICE: fpm is running, pid 15
[18-Dec-2025 21:50:35] NOTICE: ready to handle connections
[18-Dec-2025 21:51:37] NOTICE: fpm is running, pid 15
[18-Dec-2025 21:51:37] NOTICE: ready to handle connections
[18-Dec-2025 21:54:27] NOTICE: fpm is running, pid 15
[18-Dec-2025 21:54:27] NOTICE: ready to handle connections
[18-Dec-2025 22:08:36] NOTICE: fpm is running, pid 15
[18-Dec-2025 22:08:36] NOTICE: ready to handle connections
[18-Dec-2025 22:16:34] NOTICE: fpm is running, pid 15
[18-Dec-2025 22:16:34] NOTICE: ready to handle connections
[18-Dec-2025 22:17:31] NOTICE: fpm is running, pid 15
[18-Dec-2025 22:17:31] NOTICE: ready to handle connections
[18-Dec-2025 22:22:54] NOTICE: fpm is running, pid 15
[18-Dec-2025 22:22:54] NOTICE: ready to handle connections
[18-Dec-2025 22:22:56] NOTICE: fpm is running, pid 15
[18-Dec-2025 22:22:56] NOTICE: ready to handle connections
[18-Dec-2025 22:23:25] NOTICE: fpm is running, pid 15
[18-Dec-2025 22:23:25] NOTICE: ready to handle connections
[18-Dec-2025 22:23:55] NOTICE: fpm is running, pid 15
[18-Dec-2025 22:23:55] NOTICE: ready to handle connections
